

Version:	3.12
CmdLine:	D:\Projects\JavaFX\MusicPlayer\KKMusicPlayer.exe --l4j-debug
WOW64:		yes
Create mutex:	Kalvin Kao's Music Player
Working dir:	D:\Projects\JavaFX\MusicPlayer\.
Java min ver:	1.008.000
Java max ver:	1.009.000
64-bit search:	SOFTWARE\JavaSoft\Java Runtime Environment...
Check:		SOFTWARE\JavaSoft\Java Runtime Environment\1.8
Check launcher:	C:\Program Files\Java\jre1.8.0_241\bin\javaw.exe (OK)
Match:		1.008.000
Check:		SOFTWARE\JavaSoft\Java Runtime Environment\1.8.0_241
Check launcher:	C:\Program Files\Java\jre1.8.0_241\bin\javaw.exe (OK)
Match:		1.008.000_241
64-bit search:	SOFTWARE\JavaSoft\Java Development Kit...
64-bit search:	SOFTWARE\JavaSoft\JRE...
64-bit search:	SOFTWARE\JavaSoft\JDK...
Check:		SOFTWARE\JavaSoft\JDK\13.0.2
Ignore:		1.013.000_002
Runtime used:	1.008.000_241 (64-bit)
Launcher:	C:\Program Files\Java\jre1.8.0_241\bin\javaw.exe
Launcher args:	-jar "D:\Projects\JavaFX\MusicPlayer\KKMusicPlayer.exe"
Args length:	55/32768 chars
Exit code:	0


Version:	3.12
CmdLine:	D:\Projects\JavaFX\MusicPlayer\KKMusicPlayer.exe --l4j-debug
WOW64:		yes
Create mutex:	Kalvin Kao's Music Player
Error:		Instance already exists.


Version:	3.12
CmdLine:	D:\Projects\JavaFX\MusicPlayer\KKMusicPlayer.exe --l4j-debug
WOW64:		yes
Create mutex:	Kalvin Kao's Music Player
Error:		Instance already exists.
